{"name": "test_get_cart_missing_authorization", "status": "failed", "statusDetails": {"message": "AssertionError: assert 422 == 401\n +  where 422 = <Response [422]>.status_code", "trace": "def test_get_cart_missing_authorization():\n        url = f\"{BASE_URL}/cart\"\n        response = requests.get(url)\n>       assert response.status_code == 401\nE       assert 422 == 401\nE        +  where 422 = <Response [422]>.status_code\n\ntests/test_cart_get.py:28: AssertionError"}, "start": 1748586771336, "stop": 1748586771338, "uuid": "b1f9b311-64a7-447c-900d-c71eb55983e5", "historyId": "c76957b092aa5d4dbdf58fc6ea6705b9", "testCaseId": "c76957b092aa5d4dbdf58fc6ea6705b9", "fullName": "tests.test_cart_get#test_get_cart_missing_authorization", "labels": [{"name": "parentSuite", "value": "tests"}, {"name": "suite", "value": "test_cart_get"}, {"name": "host", "value": "puxinyudeMacBook-Air.local"}, {"name": "thread", "value": "92108-MainThread"}, {"name": "framework", "value": "pytest"}, {"name": "language", "value": "cpython3"}, {"name": "package", "value": "tests.test_cart_get"}]}