{"name": "test_login_empty_fields", "status": "failed", "statusDetails": {"message": "AssertionError: assert 401 == 422\n +  where 401 = <Response [401]>.status_code", "trace": "def test_login_empty_fields():\n        url = f\"{BASE_URL}/auth/login\"\n        payload = {\n            \"username\": \"\",\n            \"password\": \"\"\n        }\n        response = requests.post(url, json=payload)\n>       assert response.status_code == 422\nE       assert 401 == 422\nE        +  where 401 = <Response [401]>.status_code\n\ntests/test_auth_login_post.py:47: AssertionError"}, "start": 1748586771269, "stop": 1748586771272, "uuid": "14b67edd-a248-4d31-9ec5-86290e81257d", "historyId": "b661aeda38af1f5e32c3641fd2c1885b", "testCaseId": "b661aeda38af1f5e32c3641fd2c1885b", "fullName": "tests.test_auth_login_post#test_login_empty_fields", "labels": [{"name": "parentSuite", "value": "tests"}, {"name": "suite", "value": "test_auth_login_post"}, {"name": "host", "value": "puxinyudeMacBook-Air.local"}, {"name": "thread", "value": "92108-MainThread"}, {"name": "framework", "value": "pytest"}, {"name": "language", "value": "cpython3"}, {"name": "package", "value": "tests.test_auth_login_post"}]}