{"name": "test_add_to_cart_missing_authorization", "status": "failed", "statusDetails": {"message": "AssertionError: assert 422 == 401\n +  where 422 = <Response [422]>.status_code", "trace": "def test_add_to_cart_missing_authorization():\n        url = f\"{BASE_URL}/cart/add\"\n        payload = {\n            \"product_id\": 1,\n            \"quantity\": 2\n        }\n        response = requests.post(url, json=payload)\n>       assert response.status_code == 401\nE       assert 422 == 401\nE        +  where 422 = <Response [422]>.status_code\n\ntests/test_cart_add_post.py:50: AssertionError"}, "start": 1748586771322, "stop": 1748586771323, "uuid": "62db504d-4841-41c3-bdbe-ceb58416fab9", "historyId": "d57f129550ab84ba7cef28327a8ebdae", "testCaseId": "d57f129550ab84ba7cef28327a8ebdae", "fullName": "tests.test_cart_add_post#test_add_to_cart_missing_authorization", "labels": [{"name": "parentSuite", "value": "tests"}, {"name": "suite", "value": "test_cart_add_post"}, {"name": "host", "value": "puxinyudeMacBook-Air.local"}, {"name": "thread", "value": "92108-MainThread"}, {"name": "framework", "value": "pytest"}, {"name": "language", "value": "cpython3"}, {"name": "package", "value": "tests.test_cart_add_post"}]}