{"name": "test_register_success", "status": "failed", "statusDetails": {"message": "AssertionError: assert 409 == 201\n +  where 409 = <Response [409]>.status_code", "trace": "def test_register_success():\n        url = f\"{BASE_URL}/auth/register\"\n        payload = {\n            \"username\": \"testuser\",\n            \"password\": \"testpassword\",\n            \"email\": \"test@example.com\",\n            \"phone\": \"1234567890\"\n        }\n        response = requests.post(url, json=payload)\n>       assert response.status_code == 201\nE       assert 409 == 201\nE        +  where 409 = <Response [409]>.status_code\n\ntests/test_auth_register_post.py:13: AssertionError"}, "start": 1748586771290, "stop": 1748586771295, "uuid": "f7b2367a-85b0-4100-9a26-d77c747fa6ae", "historyId": "3d7717084f69763d3023738ed58334d4", "testCaseId": "3d7717084f69763d3023738ed58334d4", "fullName": "tests.test_auth_register_post#test_register_success", "labels": [{"name": "parentSuite", "value": "tests"}, {"name": "suite", "value": "test_auth_register_post"}, {"name": "host", "value": "puxinyudeMacBook-Air.local"}, {"name": "thread", "value": "92108-MainThread"}, {"name": "framework", "value": "pytest"}, {"name": "language", "value": "cpython3"}, {"name": "package", "value": "tests.test_auth_register_post"}]}