{"name": "test_get_products_with_invalid_page_size", "status": "failed", "statusDetails": {"message": "AssertionError: assert 200 == 422\n +  where 200 = <Response [200]>.status_code", "trace": "def test_get_products_with_invalid_page_size():\n        url = f\"{BASE_URL}/products\"\n        params = {\"page\": -1, \"size\": 0}\n        response = requests.get(url, params=params)\n>       assert response.status_code == 422\nE       assert 200 == 422\nE        +  where 200 = <Response [200]>.status_code\n\ntests/test_products_get.py:58: AssertionError"}, "start": 1748586771402, "stop": 1748586771405, "uuid": "35cd0a61-8400-4781-9479-ef61ebedd43f", "historyId": "51aeb06c77c3c9d40144acc9771b4478", "testCaseId": "51aeb06c77c3c9d40144acc9771b4478", "fullName": "tests.test_products_get#test_get_products_with_invalid_page_size", "labels": [{"name": "parentSuite", "value": "tests"}, {"name": "suite", "value": "test_products_get"}, {"name": "host", "value": "puxinyudeMacBook-Air.local"}, {"name": "thread", "value": "92108-MainThread"}, {"name": "framework", "value": "pytest"}, {"name": "language", "value": "cpython3"}, {"name": "package", "value": "tests.test_products_get"}]}