{"name": "test_create_order_cart_empty_or_invalid_address", "status": "failed", "statusDetails": {"message": "AssertionError: assert 500 == 400\n +  where 500 = <Response [500]>.status_code", "trace": "valid_token = 'Bearer eyJhbGciOiJIUzI1NiIsInR5cCI6IkpXVCJ9.eyJzdWIiOiJ6aGFuZ3NhbiIsImV4cCI6MTc0ODYxNjE4NX0.aKv55HpCiFLUUHaKMKwOmLEet1Z_DxB-ynl_nq2qI0w'\n\n    def test_create_order_cart_empty_or_invalid_address(valid_token):\n        url = f\"{BASE_URL}/orders/create\"\n        headers = {\"Authorization\": valid_token}\n        payload = {\n            \"address_id\": 9999\n        }\n        response = requests.post(url, json=payload, headers=headers)\n>       assert response.status_code == 400\nE       assert 500 == 400\nE        +  where 500 = <Response [500]>.status_code\n\ntests/test_orders_create_post.py:23: AssertionError"}, "start": 1748586771361, "stop": 1748586771364, "uuid": "81746170-310f-4e33-abfd-f590e155c2ea", "historyId": "070149b79a81fd3df5917e250f59e698", "testCaseId": "070149b79a81fd3df5917e250f59e698", "fullName": "tests.test_orders_create_post#test_create_order_cart_empty_or_invalid_address", "labels": [{"name": "parentSuite", "value": "tests"}, {"name": "suite", "value": "test_orders_create_post"}, {"name": "host", "value": "puxinyudeMacBook-Air.local"}, {"name": "thread", "value": "92108-MainThread"}, {"name": "framework", "value": "pytest"}, {"name": "language", "value": "cpython3"}, {"name": "package", "value": "tests.test_orders_create_post"}]}