{"name": "test_get_cart_validation_error", "status": "failed", "statusDetails": {"message": "AssertionError: assert 401 == 422\n +  where 401 = <Response [401]>.status_code", "trace": "def test_get_cart_validation_error():\n        url = f\"{BASE_URL}/cart\"\n        headers = {\"Authorization\": \"invalid_format_token\"}\n        response = requests.get(url, headers=headers)\n>       assert response.status_code == 422\nE       assert 401 == 422\nE        +  where 401 = <Response [401]>.status_code\n\ntests/test_cart_get.py:46: AssertionError"}, "start": 1748586771344, "stop": 1748586771346, "uuid": "5bf183fa-b37a-452d-aa89-0a6f67cfa257", "historyId": "bfc71046a81fe19b8c34bff89f86beac", "testCaseId": "bfc71046a81fe19b8c34bff89f86beac", "fullName": "tests.test_cart_get#test_get_cart_validation_error", "labels": [{"name": "parentSuite", "value": "tests"}, {"name": "suite", "value": "test_cart_get"}, {"name": "host", "value": "puxinyudeMacBook-Air.local"}, {"name": "thread", "value": "92108-MainThread"}, {"name": "framework", "value": "pytest"}, {"name": "language", "value": "cpython3"}, {"name": "package", "value": "tests.test_cart_get"}]}