{"name": "test_get_cart_user_not_found", "status": "failed", "statusDetails": {"message": "AssertionError: assert 401 == 404\n +  where 401 = <Response [401]>.status_code", "trace": "valid_token = 'Bearer eyJhbGciOiJIUzI1NiIsInR5cCI6IkpXVCJ9.eyJzdWIiOiJ6aGFuZ3NhbiIsImV4cCI6MTc0ODYxNjE4NX0.aKv55HpCiFLUUHaKMKwOmLEet1Z_DxB-ynl_nq2qI0w'\n\n    def test_get_cart_user_not_found(valid_token):\n        url = f\"{BASE_URL}/cart\"\n        headers = {\"Authorization\": \"invalid_token\"}\n        response = requests.get(url, headers=headers)\n>       assert response.status_code == 404\nE       assert 401 == 404\nE        +  where 401 = <Response [401]>.status_code\n\ntests/test_cart_get.py:37: AssertionError"}, "start": 1748586771340, "stop": 1748586771342, "uuid": "195b92ac-3d84-476f-98fb-cebae2aa77a8", "historyId": "114711f60d3bf70aa5c156df4ed4bfc9", "testCaseId": "114711f60d3bf70aa5c156df4ed4bfc9", "fullName": "tests.test_cart_get#test_get_cart_user_not_found", "labels": [{"name": "parentSuite", "value": "tests"}, {"name": "suite", "value": "test_cart_get"}, {"name": "host", "value": "puxinyudeMacBook-Air.local"}, {"name": "thread", "value": "92108-MainThread"}, {"name": "framework", "value": "pytest"}, {"name": "language", "value": "cpython3"}, {"name": "package", "value": "tests.test_cart_get"}]}